{"C:/Users/oscar/OneDrive/Escritorio/BOOTCAMP/PROYECTO PERSONALES/portafolio/src/App.tsx": {"path":"C:/Users/oscar/OneDrive/Escritorio/BOOTCAMP/PROYECTO PERSONALES/portafolio/src/App.tsx","statementMap":{"0":{"start":{"line":6,"column":2},"end":{"line":11,"column":null}},"1":{"start":{"line":17,"column":17},"end":{"line":17,"column":null}}},"fnMap":{"0":{"name":"App","decl":{"start":{"line":5,"column":9},"end":{"line":5,"column":15}},"loc":{"start":{"line":5,"column":15},"end":{"line":13,"column":null}}}},"branchMap":{},"s":{"0":0,"1":0},"f":{"0":0},"b":{}}
,"C:/Users/oscar/OneDrive/Escritorio/BOOTCAMP/PROYECTO PERSONALES/portafolio/src/main.tsx": {"path":"C:/Users/oscar/OneDrive/Escritorio/BOOTCAMP/PROYECTO PERSONALES/portafolio/src/main.tsx","statementMap":{"0":{"start":{"line":5,"column":0},"end":{"line":9,"column":null}}},"fnMap":{},"branchMap":{},"s":{"0":0},"f":{},"b":{}}
,"C:/Users/oscar/OneDrive/Escritorio/BOOTCAMP/PROYECTO PERSONALES/portafolio/src/theme.tsx": {"path":"C:/Users/oscar/OneDrive/Escritorio/BOOTCAMP/PROYECTO PERSONALES/portafolio/src/theme.tsx","statementMap":{"0":{"start":{"line":1,"column":14},"end":{"line":23,"column":null}}},"fnMap":{},"branchMap":{},"s":{"0":8},"f":{},"b":{}}
,"C:/Users/oscar/OneDrive/Escritorio/BOOTCAMP/PROYECTO PERSONALES/portafolio/src/components/AboutMe.tsx": {"path":"C:/Users/oscar/OneDrive/Escritorio/BOOTCAMP/PROYECTO PERSONALES/portafolio/src/components/AboutMe.tsx","statementMap":{"0":{"start":{"line":3,"column":16},"end":{"line":5,"column":null}},"1":{"start":{"line":4,"column":2},"end":{"line":4,"column":null}}},"fnMap":{"0":{"name":"(anonymous_0)","decl":{"start":{"line":3,"column":16},"end":{"line":3,"column":22}},"loc":{"start":{"line":3,"column":22},"end":{"line":5,"column":null}}}},"branchMap":{},"s":{"0":1,"1":1},"f":{"0":1},"b":{}}
,"C:/Users/oscar/OneDrive/Escritorio/BOOTCAMP/PROYECTO PERSONALES/portafolio/src/components/Contact.tsx": {"path":"C:/Users/oscar/OneDrive/Escritorio/BOOTCAMP/PROYECTO PERSONALES/portafolio/src/components/Contact.tsx","statementMap":{"0":{"start":{"line":11,"column":35},"end":{"line":11,"column":null}},"1":{"start":{"line":13,"column":26},"end":{"line":181,"column":null}},"2":{"start":{"line":14,"column":26},"end":{"line":14,"column":null}},"3":{"start":{"line":15,"column":28},"end":{"line":15,"column":null}},"4":{"start":{"line":16,"column":32},"end":{"line":16,"column":null}},"5":{"start":{"line":17,"column":32},"end":{"line":17,"column":null}},"6":{"start":{"line":18,"column":54},"end":{"line":18,"column":null}},"7":{"start":{"line":19,"column":46},"end":{"line":19,"column":null}},"8":{"start":{"line":20,"column":36},"end":{"line":20,"column":null}},"9":{"start":{"line":24,"column":6},"end":{"line":24,"column":null}},"10":{"start":{"line":25,"column":4},"end":{"line":25,"column":null}},"11":{"start":{"line":28,"column":26},"end":{"line":53,"column":null}},"12":{"start":{"line":29,"column":19},"end":{"line":29,"column":null}},"13":{"start":{"line":31,"column":4},"end":{"line":34,"column":null}},"14":{"start":{"line":32,"column":39},"end":{"line":32,"column":null}},"15":{"start":{"line":33,"column":6},"end":{"line":33,"column":null}},"16":{"start":{"line":36,"column":4},"end":{"line":39,"column":null}},"17":{"start":{"line":37,"column":40},"end":{"line":37,"column":null}},"18":{"start":{"line":38,"column":6},"end":{"line":38,"column":null}},"19":{"start":{"line":41,"column":4},"end":{"line":48,"column":null}},"20":{"start":{"line":42,"column":43},"end":{"line":42,"column":null}},"21":{"start":{"line":43,"column":6},"end":{"line":43,"column":null}},"22":{"start":{"line":44,"column":4},"end":{"line":48,"column":null}},"23":{"start":{"line":46,"column":8},"end":{"line":46,"column":null}},"24":{"start":{"line":47,"column":6},"end":{"line":47,"column":null}},"25":{"start":{"line":50,"column":4},"end":{"line":50,"column":null}},"26":{"start":{"line":52,"column":4},"end":{"line":52,"column":null}},"27":{"start":{"line":55,"column":27},"end":{"line":81,"column":null}},"28":{"start":{"line":56,"column":4},"end":{"line":56,"column":null}},"29":{"start":{"line":58,"column":19},"end":{"line":58,"column":null}},"30":{"start":{"line":60,"column":4},"end":{"line":80,"column":null}},"31":{"start":{"line":61,"column":6},"end":{"line":61,"column":null}},"32":{"start":{"line":63,"column":6},"end":{"line":63,"column":null}},"33":{"start":{"line":65,"column":6},"end":{"line":79,"column":null}},"34":{"start":{"line":66,"column":8},"end":{"line":75,"column":null}},"35":{"start":{"line":67,"column":10},"end":{"line":67,"column":null}},"36":{"start":{"line":68,"column":10},"end":{"line":70,"column":null}},"37":{"start":{"line":71,"column":10},"end":{"line":71,"column":null}},"38":{"start":{"line":72,"column":10},"end":{"line":72,"column":null}},"39":{"start":{"line":73,"column":10},"end":{"line":73,"column":null}},"40":{"start":{"line":74,"column":10},"end":{"line":74,"column":null}},"41":{"start":{"line":77,"column":8},"end":{"line":77,"column":null}},"42":{"start":{"line":78,"column":8},"end":{"line":78,"column":null}},"43":{"start":{"line":83,"column":2},"end":{"line":90,"column":null}},"44":{"start":{"line":84,"column":4},"end":{"line":89,"column":null}},"45":{"start":{"line":85,"column":20},"end":{"line":87,"column":null}},"46":{"start":{"line":86,"column":8},"end":{"line":86,"column":null}},"47":{"start":{"line":88,"column":6},"end":{"line":88,"column":null}},"48":{"start":{"line":88,"column":19},"end":{"line":88,"column":null}},"49":{"start":{"line":92,"column":22},"end":{"line":94,"column":null}},"50":{"start":{"line":93,"column":4},"end":{"line":93,"column":null}},"51":{"start":{"line":96,"column":2},"end":{"line":179,"column":null}},"52":{"start":{"line":120,"column":16},"end":{"line":120,"column":null}},"53":{"start":{"line":136,"column":16},"end":{"line":136,"column":null}},"54":{"start":{"line":151,"column":16},"end":{"line":151,"column":null}},"55":{"start":{"line":185,"column":22},"end":{"line":185,"column":null}},"56":{"start":{"line":195,"column":19},"end":{"line":195,"column":null}},"57":{"start":{"line":206,"column":20},"end":{"line":206,"column":null}},"58":{"start":{"line":210,"column":20},"end":{"line":210,"column":null}},"59":{"start":{"line":215,"column":23},"end":{"line":215,"column":null}},"60":{"start":{"line":220,"column":18},"end":{"line":220,"column":null}}},"fnMap":{"0":{"name":"(anonymous_0)","decl":{"start":{"line":13,"column":26},"end":{"line":13,"column":32}},"loc":{"start":{"line":13,"column":32},"end":{"line":181,"column":null}}},"1":{"name":"RegexEmail","decl":{"start":{"line":22,"column":11},"end":{"line":22,"column":22}},"loc":{"start":{"line":22,"column":37},"end":{"line":26,"column":null}}},"2":{"name":"(anonymous_2)","decl":{"start":{"line":28,"column":26},"end":{"line":28,"column":32}},"loc":{"start":{"line":28,"column":32},"end":{"line":53,"column":null}}},"3":{"name":"(anonymous_3)","decl":{"start":{"line":55,"column":27},"end":{"line":55,"column":34}},"loc":{"start":{"line":55,"column":74},"end":{"line":81,"column":null}}},"4":{"name":"(anonymous_4)","decl":{"start":{"line":83,"column":12},"end":{"line":83,"column":18}},"loc":{"start":{"line":83,"column":18},"end":{"line":90,"column":5}}},"5":{"name":"(anonymous_5)","decl":{"start":{"line":85,"column":31},"end":{"line":85,"column":37}},"loc":{"start":{"line":85,"column":37},"end":{"line":87,"column":9}}},"6":{"name":"(anonymous_6)","decl":{"start":{"line":88,"column":13},"end":{"line":88,"column":19}},"loc":{"start":{"line":88,"column":19},"end":{"line":88,"column":null}}},"7":{"name":"(anonymous_7)","decl":{"start":{"line":92,"column":22},"end":{"line":92,"column":28}},"loc":{"start":{"line":92,"column":28},"end":{"line":94,"column":null}}},"8":{"name":"(anonymous_8)","decl":{"start":{"line":119,"column":24},"end":{"line":119,"column":25}},"loc":{"start":{"line":120,"column":16},"end":{"line":120,"column":null}}},"9":{"name":"(anonymous_9)","decl":{"start":{"line":135,"column":24},"end":{"line":135,"column":25}},"loc":{"start":{"line":136,"column":16},"end":{"line":136,"column":null}}},"10":{"name":"(anonymous_10)","decl":{"start":{"line":150,"column":24},"end":{"line":150,"column":25}},"loc":{"start":{"line":151,"column":16},"end":{"line":151,"column":null}}}},"branchMap":{"0":{"loc":{"start":{"line":31,"column":4},"end":{"line":34,"column":null}},"type":"if","locations":[{"start":{"line":31,"column":4},"end":{"line":34,"column":null}},{"start":{},"end":{}}]},"1":{"loc":{"start":{"line":36,"column":4},"end":{"line":39,"column":null}},"type":"if","locations":[{"start":{"line":36,"column":4},"end":{"line":39,"column":null}},{"start":{},"end":{}}]},"2":{"loc":{"start":{"line":36,"column":8},"end":{"line":36,"column":45}},"type":"binary-expr","locations":[{"start":{"line":36,"column":8},"end":{"line":36,"column":25}},{"start":{"line":36,"column":25},"end":{"line":36,"column":45}}]},"3":{"loc":{"start":{"line":41,"column":4},"end":{"line":48,"column":null}},"type":"if","locations":[{"start":{"line":41,"column":4},"end":{"line":48,"column":null}},{"start":{"line":44,"column":4},"end":{"line":48,"column":null}}]},"4":{"loc":{"start":{"line":44,"column":4},"end":{"line":48,"column":null}},"type":"if","locations":[{"start":{"line":44,"column":4},"end":{"line":48,"column":null}},{"start":{},"end":{}}]},"5":{"loc":{"start":{"line":60,"column":4},"end":{"line":80,"column":null}},"type":"if","locations":[{"start":{"line":60,"column":4},"end":{"line":80,"column":null}},{"start":{"line":62,"column":11},"end":{"line":80,"column":null}}]},"6":{"loc":{"start":{"line":66,"column":8},"end":{"line":75,"column":null}},"type":"if","locations":[{"start":{"line":66,"column":8},"end":{"line":75,"column":null}},{"start":{},"end":{}}]},"7":{"loc":{"start":{"line":66,"column":12},"end":{"line":66,"column":52}},"type":"binary-expr","locations":[{"start":{"line":66,"column":12},"end":{"line":66,"column":31}},{"start":{"line":66,"column":31},"end":{"line":66,"column":52}}]},"8":{"loc":{"start":{"line":84,"column":4},"end":{"line":89,"column":null}},"type":"if","locations":[{"start":{"line":84,"column":4},"end":{"line":89,"column":null}},{"start":{},"end":{}}]},"9":{"loc":{"start":{"line":99,"column":9},"end":{"line":165,"column":null}},"type":"cond-expr","locations":[{"start":{"line":100,"column":10},"end":{"line":108,"column":null}},{"start":{"line":110,"column":10},"end":{"line":165,"column":null}}]},"10":{"loc":{"start":{"line":101,"column":18},"end":{"line":101,"column":null}},"type":"cond-expr","locations":[{"start":{"line":101,"column":50},"end":{"line":101,"column":60}},{"start":{"line":101,"column":60},"end":{"line":101,"column":null}}]},"11":{"loc":{"start":{"line":103,"column":14},"end":{"line":105,"column":null}},"type":"cond-expr","locations":[{"start":{"line":104,"column":18},"end":{"line":104,"column":null}},{"start":{"line":105,"column":18},"end":{"line":105,"column":null}}]},"12":{"loc":{"start":{"line":163,"column":15},"end":{"line":163,"column":null}},"type":"cond-expr","locations":[{"start":{"line":163,"column":34},"end":{"line":163,"column":47}},{"start":{"line":163,"column":47},"end":{"line":163,"column":null}}]}},"s":{"0":0,"1":0,"2":0,"3":0,"4":0,"5":0,"6":0,"7":0,"8":0,"9":0,"10":0,"11":0,"12":0,"13":0,"14":0,"15":0,"16":0,"17":0,"18":0,"19":0,"20":0,"21":0,"22":0,"23":0,"24":0,"25":0,"26":0,"27":0,"28":0,"29":0,"30":0,"31":0,"32":0,"33":0,"34":0,"35":0,"36":0,"37":0,"38":0,"39":0,"40":0,"41":0,"42":0,"43":0,"44":0,"45":0,"46":0,"47":0,"48":0,"49":0,"50":0,"51":0,"52":0,"53":0,"54":0,"55":0,"56":0,"57":0,"58":0,"59":0,"60":0},"f":{"0":0,"1":0,"2":0,"3":0,"4":0,"5":0,"6":0,"7":0,"8":0,"9":0,"10":0},"b":{"0":[0,0],"1":[0,0],"2":[0,0],"3":[0,0],"4":[0,0],"5":[0,0],"6":[0,0],"7":[0,0],"8":[0,0],"9":[0,0],"10":[0,0],"11":[0,0],"12":[0,0]}}
,"C:/Users/oscar/OneDrive/Escritorio/BOOTCAMP/PROYECTO PERSONALES/portafolio/src/components/DownloadCV.tsx": {"path":"C:/Users/oscar/OneDrive/Escritorio/BOOTCAMP/PROYECTO PERSONALES/portafolio/src/components/DownloadCV.tsx","statementMap":{"0":{"start":{"line":6,"column":19},"end":{"line":48,"column":null}},"1":{"start":{"line":7,"column":25},"end":{"line":14,"column":null}},"2":{"start":{"line":8,"column":19},"end":{"line":8,"column":null}},"3":{"start":{"line":10,"column":17},"end":{"line":10,"column":null}},"4":{"start":{"line":11,"column":4},"end":{"line":11,"column":null}},"5":{"start":{"line":12,"column":4},"end":{"line":12,"column":null}},"6":{"start":{"line":13,"column":4},"end":{"line":13,"column":null}},"7":{"start":{"line":16,"column":2},"end":{"line":35,"column":null}},"8":{"start":{"line":17,"column":19},"end":{"line":17,"column":null}},"9":{"start":{"line":18,"column":25},"end":{"line":26,"column":null}},"10":{"start":{"line":19,"column":29},"end":{"line":19,"column":null}},"11":{"start":{"line":21,"column":6},"end":{"line":25,"column":null}},"12":{"start":{"line":22,"column":8},"end":{"line":22,"column":null}},"13":{"start":{"line":24,"column":8},"end":{"line":24,"column":null}},"14":{"start":{"line":28,"column":4},"end":{"line":28,"column":null}},"15":{"start":{"line":30,"column":4},"end":{"line":30,"column":null}},"16":{"start":{"line":32,"column":4},"end":{"line":34,"column":null}},"17":{"start":{"line":33,"column":6},"end":{"line":33,"column":null}},"18":{"start":{"line":37,"column":2},"end":{"line":46,"column":null}},"19":{"start":{"line":52,"column":25},"end":{"line":52,"column":null}}},"fnMap":{"0":{"name":"(anonymous_0)","decl":{"start":{"line":6,"column":19},"end":{"line":6,"column":25}},"loc":{"start":{"line":6,"column":25},"end":{"line":48,"column":null}}},"1":{"name":"(anonymous_1)","decl":{"start":{"line":7,"column":25},"end":{"line":7,"column":31}},"loc":{"start":{"line":7,"column":31},"end":{"line":14,"column":null}}},"2":{"name":"(anonymous_2)","decl":{"start":{"line":16,"column":12},"end":{"line":16,"column":18}},"loc":{"start":{"line":16,"column":18},"end":{"line":35,"column":5}}},"3":{"name":"(anonymous_3)","decl":{"start":{"line":18,"column":34},"end":{"line":18,"column":40}},"loc":{"start":{"line":18,"column":40},"end":{"line":26,"column":7}}},"4":{"name":"(anonymous_4)","decl":{"start":{"line":32,"column":11},"end":{"line":32,"column":17}},"loc":{"start":{"line":32,"column":17},"end":{"line":34,"column":null}}}},"branchMap":{"0":{"loc":{"start":{"line":21,"column":6},"end":{"line":25,"column":null}},"type":"if","locations":[{"start":{"line":21,"column":6},"end":{"line":25,"column":null}},{"start":{"line":23,"column":13},"end":{"line":25,"column":null}}]}},"s":{"0":1,"1":3,"2":1,"3":1,"4":1,"5":1,"6":1,"7":3,"8":3,"9":3,"10":2,"11":2,"12":1,"13":1,"14":3,"15":3,"16":3,"17":3,"18":3,"19":1},"f":{"0":3,"1":1,"2":3,"3":2,"4":3},"b":{"0":[1,1]}}
,"C:/Users/oscar/OneDrive/Escritorio/BOOTCAMP/PROYECTO PERSONALES/portafolio/src/components/Header.tsx": {"path":"C:/Users/oscar/OneDrive/Escritorio/BOOTCAMP/PROYECTO PERSONALES/portafolio/src/components/Header.tsx","statementMap":{"0":{"start":{"line":17,"column":38},"end":{"line":106,"column":null}},"1":{"start":{"line":18,"column":34},"end":{"line":18,"column":null}},"2":{"start":{"line":20,"column":32},"end":{"line":32,"column":null}},"3":{"start":{"line":21,"column":4},"end":{"line":31,"column":null}},"4":{"start":{"line":22,"column":29},"end":{"line":22,"column":null}},"5":{"start":{"line":23,"column":6},"end":{"line":30,"column":null}},"6":{"start":{"line":24,"column":24},"end":{"line":24,"column":null}},"7":{"start":{"line":25,"column":21},"end":{"line":25,"column":null}},"8":{"start":{"line":26,"column":18},"end":{"line":26,"column":null}},"9":{"start":{"line":28,"column":8},"end":{"line":28,"column":null}},"10":{"start":{"line":29,"column":8},"end":{"line":29,"column":null}},"11":{"start":{"line":34,"column":21},"end":{"line":36,"column":null}},"12":{"start":{"line":35,"column":4},"end":{"line":35,"column":null}},"13":{"start":{"line":37,"column":2},"end":{"line":104,"column":null}},"14":{"start":{"line":57,"column":12},"end":{"line":68,"column":null}},"15":{"start":{"line":63,"column":16},"end":{"line":63,"column":null}},"16":{"start":{"line":64,"column":16},"end":{"line":64,"column":null}},"17":{"start":{"line":75,"column":27},"end":{"line":75,"column":null}},"18":{"start":{"line":110,"column":19},"end":{"line":110,"column":null}},"19":{"start":{"line":137,"column":13},"end":{"line":137,"column":null}},"20":{"start":{"line":151,"column":19},"end":{"line":151,"column":null}},"21":{"start":{"line":161,"column":20},"end":{"line":165,"column":null}},"22":{"start":{"line":162,"column":33},"end":{"line":162,"column":61}},"23":{"start":{"line":165,"column":41},"end":{"line":165,"column":77}},"24":{"start":{"line":186,"column":21},"end":{"line":186,"column":null}},"25":{"start":{"line":203,"column":21},"end":{"line":203,"column":null}},"26":{"start":{"line":212,"column":23},"end":{"line":212,"column":null}},"27":{"start":{"line":221,"column":17},"end":{"line":221,"column":null}}},"fnMap":{"0":{"name":"(anonymous_0)","decl":{"start":{"line":17,"column":38},"end":{"line":17,"column":39}},"loc":{"start":{"line":17,"column":57},"end":{"line":106,"column":null}}},"1":{"name":"(anonymous_1)","decl":{"start":{"line":20,"column":41},"end":{"line":20,"column":42}},"loc":{"start":{"line":20,"column":64},"end":{"line":32,"column":5}}},"2":{"name":"(anonymous_2)","decl":{"start":{"line":21,"column":26},"end":{"line":21,"column":32}},"loc":{"start":{"line":21,"column":32},"end":{"line":31,"column":5}}},"3":{"name":"(anonymous_3)","decl":{"start":{"line":34,"column":21},"end":{"line":34,"column":27}},"loc":{"start":{"line":34,"column":27},"end":{"line":36,"column":null}}},"4":{"name":"(anonymous_4)","decl":{"start":{"line":56,"column":25},"end":{"line":56,"column":26}},"loc":{"start":{"line":57,"column":12},"end":{"line":68,"column":null}}},"5":{"name":"(anonymous_5)","decl":{"start":{"line":62,"column":23},"end":{"line":62,"column":29}},"loc":{"start":{"line":62,"column":29},"end":{"line":65,"column":null}}},"6":{"name":"(anonymous_6)","decl":{"start":{"line":75,"column":21},"end":{"line":75,"column":27}},"loc":{"start":{"line":75,"column":27},"end":{"line":75,"column":null}}},"7":{"name":"(anonymous_7)","decl":{"start":{"line":162,"column":13},"end":{"line":162,"column":14}},"loc":{"start":{"line":162,"column":33},"end":{"line":162,"column":61}}},"8":{"name":"(anonymous_8)","decl":{"start":{"line":165,"column":21},"end":{"line":165,"column":22}},"loc":{"start":{"line":165,"column":41},"end":{"line":165,"column":77}}}},"branchMap":{"0":{"loc":{"start":{"line":23,"column":6},"end":{"line":30,"column":null}},"type":"if","locations":[{"start":{"line":23,"column":6},"end":{"line":30,"column":null}},{"start":{},"end":{}}]},"1":{"loc":{"start":{"line":162,"column":33},"end":{"line":162,"column":61}},"type":"cond-expr","locations":[{"start":{"line":162,"column":45},"end":{"line":162,"column":54}},{"start":{"line":162,"column":54},"end":{"line":162,"column":61}}]},"2":{"loc":{"start":{"line":165,"column":41},"end":{"line":165,"column":77}},"type":"cond-expr","locations":[{"start":{"line":165,"column":53},"end":{"line":165,"column":64}},{"start":{"line":165,"column":64},"end":{"line":165,"column":77}}]}},"s":{"0":1,"1":6,"2":6,"3":1,"4":1,"5":1,"6":1,"7":1,"8":1,"9":1,"10":1,"11":6,"12":2,"13":6,"14":24,"15":1,"16":1,"17":0,"18":1,"19":1,"20":1,"21":1,"22":6,"23":6,"24":1,"25":1,"26":1,"27":1},"f":{"0":6,"1":1,"2":1,"3":2,"4":24,"5":1,"6":0,"7":6,"8":6},"b":{"0":[1,0],"1":[1,5],"2":[1,5]}}
,"C:/Users/oscar/OneDrive/Escritorio/BOOTCAMP/PROYECTO PERSONALES/portafolio/src/components/Landing.tsx": {"path":"C:/Users/oscar/OneDrive/Escritorio/BOOTCAMP/PROYECTO PERSONALES/portafolio/src/components/Landing.tsx","statementMap":{"0":{"start":{"line":6,"column":16},"end":{"line":33,"column":null}},"1":{"start":{"line":7,"column":18},"end":{"line":7,"column":null}},"2":{"start":{"line":9,"column":2},"end":{"line":26,"column":null}},"3":{"start":{"line":10,"column":4},"end":{"line":25,"column":null}},"4":{"start":{"line":11,"column":20},"end":{"line":11,"column":null}},"5":{"start":{"line":12,"column":6},"end":{"line":14,"column":null}},"6":{"start":{"line":13,"column":26},"end":{"line":13,"column":66}},"7":{"start":{"line":15,"column":24},"end":{"line":21,"column":null}},"8":{"start":{"line":16,"column":28},"end":{"line":16,"column":40}},"9":{"start":{"line":22,"column":6},"end":{"line":24,"column":null}},"10":{"start":{"line":23,"column":8},"end":{"line":23,"column":null}},"11":{"start":{"line":28,"column":2},"end":{"line":31,"column":null}},"12":{"start":{"line":37,"column":22},"end":{"line":37,"column":null}}},"fnMap":{"0":{"name":"(anonymous_0)","decl":{"start":{"line":6,"column":16},"end":{"line":6,"column":22}},"loc":{"start":{"line":6,"column":22},"end":{"line":33,"column":null}}},"1":{"name":"(anonymous_1)","decl":{"start":{"line":9,"column":12},"end":{"line":9,"column":18}},"loc":{"start":{"line":9,"column":18},"end":{"line":26,"column":5}}},"2":{"name":"(anonymous_2)","decl":{"start":{"line":13,"column":13},"end":{"line":13,"column":14}},"loc":{"start":{"line":13,"column":26},"end":{"line":13,"column":66}}},"3":{"name":"(anonymous_3)","decl":{"start":{"line":16,"column":18},"end":{"line":16,"column":19}},"loc":{"start":{"line":16,"column":28},"end":{"line":16,"column":40}}},"4":{"name":"(anonymous_4)","decl":{"start":{"line":22,"column":13},"end":{"line":22,"column":19}},"loc":{"start":{"line":22,"column":19},"end":{"line":24,"column":null}}}},"branchMap":{"0":{"loc":{"start":{"line":10,"column":4},"end":{"line":25,"column":null}},"type":"if","locations":[{"start":{"line":10,"column":4},"end":{"line":25,"column":null}},{"start":{},"end":{}}]}},"s":{"0":1,"1":2,"2":2,"3":2,"4":2,"5":2,"6":246,"7":2,"8":246,"9":2,"10":2,"11":2,"12":1},"f":{"0":2,"1":2,"2":246,"3":246,"4":2},"b":{"0":[2,0]}}
,"C:/Users/oscar/OneDrive/Escritorio/BOOTCAMP/PROYECTO PERSONALES/portafolio/src/components/OtherSkills.tsx": {"path":"C:/Users/oscar/OneDrive/Escritorio/BOOTCAMP/PROYECTO PERSONALES/portafolio/src/components/OtherSkills.tsx","statementMap":{"0":{"start":{"line":14,"column":51},"end":{"line":35,"column":null}},"1":{"start":{"line":19,"column":2},"end":{"line":33,"column":null}},"2":{"start":{"line":26,"column":8},"end":{"line":31,"column":null}},"3":{"start":{"line":39,"column":21},"end":{"line":48,"column":null}},"4":{"start":{"line":45,"column":45},"end":{"line":45,"column":59}},"5":{"start":{"line":48,"column":47},"end":{"line":48,"column":69}},"6":{"start":{"line":52,"column":30},"end":{"line":52,"column":null}},"7":{"start":{"line":58,"column":19},"end":{"line":58,"column":null}},"8":{"start":{"line":65,"column":19},"end":{"line":65,"column":null}}},"fnMap":{"0":{"name":"(anonymous_0)","decl":{"start":{"line":14,"column":51},"end":{"line":14,"column":52}},"loc":{"start":{"line":18,"column":6},"end":{"line":35,"column":null}}},"1":{"name":"(anonymous_1)","decl":{"start":{"line":25,"column":26},"end":{"line":25,"column":27}},"loc":{"start":{"line":26,"column":8},"end":{"line":31,"column":null}}},"2":{"name":"(anonymous_2)","decl":{"start":{"line":45,"column":34},"end":{"line":45,"column":35}},"loc":{"start":{"line":45,"column":45},"end":{"line":45,"column":59}}},"3":{"name":"(anonymous_3)","decl":{"start":{"line":48,"column":36},"end":{"line":48,"column":37}},"loc":{"start":{"line":48,"column":47},"end":{"line":48,"column":69}}}},"branchMap":{},"s":{"0":0,"1":0,"2":0,"3":0,"4":0,"5":0,"6":0,"7":0,"8":0},"f":{"0":0,"1":0,"2":0,"3":0},"b":{}}
,"C:/Users/oscar/OneDrive/Escritorio/BOOTCAMP/PROYECTO PERSONALES/portafolio/src/components/Proyects.tsx": {"path":"C:/Users/oscar/OneDrive/Escritorio/BOOTCAMP/PROYECTO PERSONALES/portafolio/src/components/Proyects.tsx","statementMap":{"0":{"start":{"line":12,"column":38},"end":{"line":81,"column":null}},"1":{"start":{"line":13,"column":21},"end":{"line":13,"column":null}},"2":{"start":{"line":15,"column":46},"end":{"line":17,"column":null}},"3":{"start":{"line":19,"column":29},"end":{"line":23,"column":null}},"4":{"start":{"line":20,"column":29},"end":{"line":20,"column":null}},"5":{"start":{"line":21,"column":4},"end":{"line":21,"column":null}},"6":{"start":{"line":22,"column":4},"end":{"line":22,"column":null}},"7":{"start":{"line":25,"column":2},"end":{"line":79,"column":null}},"8":{"start":{"line":28,"column":27},"end":{"line":28,"column":null}},"9":{"start":{"line":29,"column":33},"end":{"line":29,"column":null}},"10":{"start":{"line":31,"column":8},"end":{"line":76,"column":null}},"11":{"start":{"line":62,"column":16},"end":{"line":67,"column":null}},"12":{"start":{"line":73,"column":42},"end":{"line":73,"column":null}},"13":{"start":{"line":85,"column":26},"end":{"line":85,"column":null}},"14":{"start":{"line":95,"column":26},"end":{"line":95,"column":null}},"15":{"start":{"line":105,"column":27},"end":{"line":105,"column":null}},"16":{"start":{"line":113,"column":25},"end":{"line":113,"column":null}},"17":{"start":{"line":122,"column":22},"end":{"line":122,"column":null}},"18":{"start":{"line":127,"column":20},"end":{"line":130,"column":null}},"19":{"start":{"line":129,"column":23},"end":{"line":129,"column":46}},"20":{"start":{"line":130,"column":22},"end":{"line":130,"column":43}},"21":{"start":{"line":143,"column":20},"end":{"line":143,"column":null}},"22":{"start":{"line":157,"column":26},"end":{"line":157,"column":null}}},"fnMap":{"0":{"name":"(anonymous_0)","decl":{"start":{"line":12,"column":38},"end":{"line":12,"column":39}},"loc":{"start":{"line":12,"column":61},"end":{"line":81,"column":null}}},"1":{"name":"(anonymous_1)","decl":{"start":{"line":19,"column":29},"end":{"line":19,"column":30}},"loc":{"start":{"line":19,"column":48},"end":{"line":23,"column":null}}},"2":{"name":"(anonymous_2)","decl":{"start":{"line":27,"column":25},"end":{"line":27,"column":26}},"loc":{"start":{"line":27,"column":42},"end":{"line":78,"column":7}}},"3":{"name":"(anonymous_3)","decl":{"start":{"line":61,"column":29},"end":{"line":61,"column":30}},"loc":{"start":{"line":62,"column":16},"end":{"line":67,"column":null}}},"4":{"name":"(anonymous_4)","decl":{"start":{"line":73,"column":36},"end":{"line":73,"column":42}},"loc":{"start":{"line":73,"column":42},"end":{"line":73,"column":null}}},"5":{"name":"(anonymous_5)","decl":{"start":{"line":129,"column":12},"end":{"line":129,"column":13}},"loc":{"start":{"line":129,"column":23},"end":{"line":129,"column":46}}},"6":{"name":"(anonymous_6)","decl":{"start":{"line":130,"column":11},"end":{"line":130,"column":12}},"loc":{"start":{"line":130,"column":22},"end":{"line":130,"column":43}}}},"branchMap":{"0":{"loc":{"start":{"line":55,"column":23},"end":{"line":55,"column":null}},"type":"cond-expr","locations":[{"start":{"line":55,"column":42},"end":{"line":55,"column":68}},{"start":{"line":55,"column":68},"end":{"line":55,"column":null}}]},"1":{"loc":{"start":{"line":56,"column":24},"end":{"line":56,"column":null}},"type":"cond-expr","locations":[{"start":{"line":56,"column":44},"end":{"line":56,"column":71}},{"start":{"line":56,"column":71},"end":{"line":56,"column":null}}]},"2":{"loc":{"start":{"line":71,"column":15},"end":{"line":71,"column":null}},"type":"cond-expr","locations":[{"start":{"line":71,"column":28},"end":{"line":71,"column":47}},{"start":{"line":71,"column":47},"end":{"line":71,"column":null}}]},"3":{"loc":{"start":{"line":74,"column":15},"end":{"line":74,"column":null}},"type":"cond-expr","locations":[{"start":{"line":74,"column":28},"end":{"line":74,"column":43}},{"start":{"line":74,"column":43},"end":{"line":74,"column":null}}]},"4":{"loc":{"start":{"line":129,"column":23},"end":{"line":129,"column":46}},"type":"binary-expr","locations":[{"start":{"line":129,"column":23},"end":{"line":129,"column":39}},{"start":{"line":129,"column":39},"end":{"line":129,"column":46}}]},"5":{"loc":{"start":{"line":130,"column":22},"end":{"line":130,"column":43}},"type":"binary-expr","locations":[{"start":{"line":130,"column":22},"end":{"line":130,"column":37}},{"start":{"line":130,"column":37},"end":{"line":130,"column":43}}]}},"s":{"0":0,"1":0,"2":0,"3":0,"4":0,"5":0,"6":0,"7":0,"8":0,"9":0,"10":0,"11":0,"12":0,"13":0,"14":0,"15":0,"16":0,"17":0,"18":0,"19":0,"20":0,"21":0,"22":0},"f":{"0":0,"1":0,"2":0,"3":0,"4":0,"5":0,"6":0},"b":{"0":[0,0],"1":[0,0],"2":[0,0],"3":[0,0],"4":[0,0],"5":[0,0]}}
,"C:/Users/oscar/OneDrive/Escritorio/BOOTCAMP/PROYECTO PERSONALES/portafolio/src/components/Skills.tsx": {"path":"C:/Users/oscar/OneDrive/Escritorio/BOOTCAMP/PROYECTO PERSONALES/portafolio/src/components/Skills.tsx","statementMap":{"0":{"start":{"line":13,"column":38},"end":{"line":33,"column":null}},"1":{"start":{"line":14,"column":2},"end":{"line":31,"column":null}},"2":{"start":{"line":17,"column":8},"end":{"line":29,"column":null}},"3":{"start":{"line":37,"column":21},"end":{"line":37,"column":null}},"4":{"start":{"line":50,"column":30},"end":{"line":50,"column":null}},"5":{"start":{"line":57,"column":19},"end":{"line":57,"column":null}},"6":{"start":{"line":81,"column":20},"end":{"line":81,"column":null}},"7":{"start":{"line":90,"column":17},"end":{"line":90,"column":null}}},"fnMap":{"0":{"name":"(anonymous_0)","decl":{"start":{"line":13,"column":38},"end":{"line":13,"column":39}},"loc":{"start":{"line":13,"column":59},"end":{"line":33,"column":null}}},"1":{"name":"(anonymous_1)","decl":{"start":{"line":16,"column":23},"end":{"line":16,"column":24}},"loc":{"start":{"line":17,"column":8},"end":{"line":29,"column":null}}}},"branchMap":{},"s":{"0":1,"1":3,"2":9,"3":1,"4":1,"5":1,"6":1,"7":1},"f":{"0":3,"1":9},"b":{}}
,"C:/Users/oscar/OneDrive/Escritorio/BOOTCAMP/PROYECTO PERSONALES/portafolio/src/components/shared/CustomAlert.tsx": {"path":"C:/Users/oscar/OneDrive/Escritorio/BOOTCAMP/PROYECTO PERSONALES/portafolio/src/components/shared/CustomAlert.tsx","statementMap":{"0":{"start":{"line":9,"column":48},"end":{"line":32,"column":null}},"1":{"start":{"line":14,"column":2},"end":{"line":30,"column":null}},"2":{"start":{"line":20,"column":12},"end":{"line":20,"column":null}},"3":{"start":{"line":26,"column":12},"end":{"line":26,"column":null}},"4":{"start":{"line":36,"column":20},"end":{"line":36,"column":null}},"5":{"start":{"line":40,"column":20},"end":{"line":40,"column":null}},"6":{"start":{"line":57,"column":27},"end":{"line":57,"column":null}},"7":{"start":{"line":61,"column":28},"end":{"line":61,"column":null}}},"fnMap":{"0":{"name":"(anonymous_0)","decl":{"start":{"line":9,"column":48},"end":{"line":9,"column":49}},"loc":{"start":{"line":13,"column":6},"end":{"line":32,"column":null}}},"1":{"name":"(anonymous_1)","decl":{"start":{"line":19,"column":23},"end":{"line":19,"column":24}},"loc":{"start":{"line":20,"column":12},"end":{"line":20,"column":null}}},"2":{"name":"(anonymous_2)","decl":{"start":{"line":25,"column":23},"end":{"line":25,"column":24}},"loc":{"start":{"line":26,"column":12},"end":{"line":26,"column":null}}}},"branchMap":{"0":{"loc":{"start":{"line":17,"column":7},"end":{"line":28,"column":null}},"type":"cond-expr","locations":[{"start":{"line":18,"column":8},"end":{"line":22,"column":null}},{"start":{"line":24,"column":8},"end":{"line":28,"column":null}}]}},"s":{"0":1,"1":5,"2":3,"3":4,"4":1,"5":1,"6":1,"7":1},"f":{"0":5,"1":3,"2":4},"b":{"0":[2,3]}}
,"C:/Users/oscar/OneDrive/Escritorio/BOOTCAMP/PROYECTO PERSONALES/portafolio/src/components/shared/RegularButton.tsx": {"path":"C:/Users/oscar/OneDrive/Escritorio/BOOTCAMP/PROYECTO PERSONALES/portafolio/src/components/shared/RegularButton.tsx","statementMap":{"0":{"start":{"line":21,"column":22},"end":{"line":47,"column":null}},"1":{"start":{"line":23,"column":4},"end":{"line":23,"column":null}},"2":{"start":{"line":26,"column":4},"end":{"line":26,"column":64}},"3":{"start":{"line":27,"column":23},"end":{"line":27,"column":55}},"4":{"start":{"line":28,"column":30},"end":{"line":28,"column":65}},"5":{"start":{"line":29,"column":23},"end":{"line":29,"column":49}},"6":{"start":{"line":30,"column":24},"end":{"line":30,"column":54}},"7":{"start":{"line":33,"column":26},"end":{"line":33,"column":59}},"8":{"start":{"line":35,"column":22},"end":{"line":35,"column":57}},"9":{"start":{"line":36,"column":28},"end":{"line":36,"column":60}},"10":{"start":{"line":37,"column":25},"end":{"line":37,"column":60}},"11":{"start":{"line":38,"column":20},"end":{"line":38,"column":43}},"12":{"start":{"line":39,"column":22},"end":{"line":39,"column":47}},"13":{"start":{"line":40,"column":24},"end":{"line":40,"column":53}},"14":{"start":{"line":42,"column":4},"end":{"line":42,"column":74}},"15":{"start":{"line":47,"column":24},"end":{"line":47,"column":76}}},"fnMap":{"0":{"name":"(anonymous_0)","decl":{"start":{"line":22,"column":11},"end":{"line":22,"column":12}},"loc":{"start":{"line":22,"column":22},"end":{"line":24,"column":3}}},"1":{"name":"(anonymous_1)","decl":{"start":{"line":25,"column":22},"end":{"line":25,"column":23}},"loc":{"start":{"line":26,"column":4},"end":{"line":26,"column":64}}},"2":{"name":"(anonymous_2)","decl":{"start":{"line":27,"column":12},"end":{"line":27,"column":13}},"loc":{"start":{"line":27,"column":23},"end":{"line":27,"column":55}}},"3":{"name":"(anonymous_3)","decl":{"start":{"line":28,"column":19},"end":{"line":28,"column":20}},"loc":{"start":{"line":28,"column":30},"end":{"line":28,"column":65}}},"4":{"name":"(anonymous_4)","decl":{"start":{"line":29,"column":12},"end":{"line":29,"column":13}},"loc":{"start":{"line":29,"column":23},"end":{"line":29,"column":49}}},"5":{"name":"(anonymous_5)","decl":{"start":{"line":30,"column":13},"end":{"line":30,"column":14}},"loc":{"start":{"line":30,"column":24},"end":{"line":30,"column":54}}},"6":{"name":"(anonymous_6)","decl":{"start":{"line":33,"column":15},"end":{"line":33,"column":16}},"loc":{"start":{"line":33,"column":26},"end":{"line":33,"column":59}}},"7":{"name":"(anonymous_7)","decl":{"start":{"line":35,"column":11},"end":{"line":35,"column":12}},"loc":{"start":{"line":35,"column":22},"end":{"line":35,"column":57}}},"8":{"name":"(anonymous_8)","decl":{"start":{"line":36,"column":17},"end":{"line":36,"column":18}},"loc":{"start":{"line":36,"column":28},"end":{"line":36,"column":60}}},"9":{"name":"(anonymous_9)","decl":{"start":{"line":37,"column":14},"end":{"line":37,"column":15}},"loc":{"start":{"line":37,"column":25},"end":{"line":37,"column":60}}},"10":{"name":"(anonymous_10)","decl":{"start":{"line":38,"column":9},"end":{"line":38,"column":10}},"loc":{"start":{"line":38,"column":20},"end":{"line":38,"column":43}}},"11":{"name":"(anonymous_11)","decl":{"start":{"line":39,"column":11},"end":{"line":39,"column":12}},"loc":{"start":{"line":39,"column":22},"end":{"line":39,"column":47}}},"12":{"name":"(anonymous_12)","decl":{"start":{"line":40,"column":13},"end":{"line":40,"column":14}},"loc":{"start":{"line":40,"column":24},"end":{"line":40,"column":53}}},"13":{"name":"(anonymous_13)","decl":{"start":{"line":41,"column":16},"end":{"line":41,"column":17}},"loc":{"start":{"line":42,"column":4},"end":{"line":42,"column":74}}},"14":{"name":"(anonymous_14)","decl":{"start":{"line":47,"column":13},"end":{"line":47,"column":14}},"loc":{"start":{"line":47,"column":24},"end":{"line":47,"column":76}}}},"branchMap":{"0":{"loc":{"start":{"line":23,"column":11},"end":{"line":23,"column":null}},"type":"binary-expr","locations":[{"start":{"line":23,"column":11},"end":{"line":23,"column":33}},{"start":{"line":23,"column":33},"end":{"line":23,"column":null}}]},"1":{"loc":{"start":{"line":26,"column":4},"end":{"line":26,"column":64}},"type":"binary-expr","locations":[{"start":{"line":26,"column":4},"end":{"line":26,"column":36}},{"start":{"line":26,"column":36},"end":{"line":26,"column":64}}]},"2":{"loc":{"start":{"line":27,"column":23},"end":{"line":27,"column":55}},"type":"binary-expr","locations":[{"start":{"line":27,"column":23},"end":{"line":27,"column":46}},{"start":{"line":27,"column":46},"end":{"line":27,"column":55}}]},"3":{"loc":{"start":{"line":28,"column":30},"end":{"line":28,"column":65}},"type":"binary-expr","locations":[{"start":{"line":28,"column":30},"end":{"line":28,"column":59}},{"start":{"line":28,"column":59},"end":{"line":28,"column":65}}]},"4":{"loc":{"start":{"line":29,"column":23},"end":{"line":29,"column":49}},"type":"binary-expr","locations":[{"start":{"line":29,"column":23},"end":{"line":29,"column":46}},{"start":{"line":29,"column":46},"end":{"line":29,"column":49}}]},"5":{"loc":{"start":{"line":30,"column":24},"end":{"line":30,"column":54}},"type":"binary-expr","locations":[{"start":{"line":30,"column":24},"end":{"line":30,"column":48}},{"start":{"line":30,"column":48},"end":{"line":30,"column":54}}]},"6":{"loc":{"start":{"line":33,"column":26},"end":{"line":33,"column":59}},"type":"binary-expr","locations":[{"start":{"line":33,"column":26},"end":{"line":33,"column":51}},{"start":{"line":33,"column":51},"end":{"line":33,"column":59}}]},"7":{"loc":{"start":{"line":35,"column":22},"end":{"line":35,"column":57}},"type":"binary-expr","locations":[{"start":{"line":35,"column":22},"end":{"line":35,"column":44}},{"start":{"line":35,"column":44},"end":{"line":35,"column":57}}]},"8":{"loc":{"start":{"line":36,"column":28},"end":{"line":36,"column":60}},"type":"binary-expr","locations":[{"start":{"line":36,"column":28},"end":{"line":36,"column":55}},{"start":{"line":36,"column":55},"end":{"line":36,"column":60}}]},"9":{"loc":{"start":{"line":37,"column":25},"end":{"line":37,"column":60}},"type":"binary-expr","locations":[{"start":{"line":37,"column":25},"end":{"line":37,"column":50}},{"start":{"line":37,"column":50},"end":{"line":37,"column":60}}]},"10":{"loc":{"start":{"line":38,"column":20},"end":{"line":38,"column":43}},"type":"binary-expr","locations":[{"start":{"line":38,"column":20},"end":{"line":38,"column":40}},{"start":{"line":38,"column":40},"end":{"line":38,"column":43}}]},"11":{"loc":{"start":{"line":39,"column":22},"end":{"line":39,"column":47}},"type":"binary-expr","locations":[{"start":{"line":39,"column":22},"end":{"line":39,"column":44}},{"start":{"line":39,"column":44},"end":{"line":39,"column":47}}]},"12":{"loc":{"start":{"line":40,"column":24},"end":{"line":40,"column":53}},"type":"binary-expr","locations":[{"start":{"line":40,"column":24},"end":{"line":40,"column":47}},{"start":{"line":40,"column":47},"end":{"line":40,"column":53}}]},"13":{"loc":{"start":{"line":42,"column":4},"end":{"line":42,"column":74}},"type":"binary-expr","locations":[{"start":{"line":42,"column":4},"end":{"line":42,"column":31}},{"start":{"line":42,"column":31},"end":{"line":42,"column":74}}]},"14":{"loc":{"start":{"line":47,"column":24},"end":{"line":47,"column":76}},"type":"binary-expr","locations":[{"start":{"line":47,"column":24},"end":{"line":47,"column":47}},{"start":{"line":47,"column":47},"end":{"line":47,"column":69}},{"start":{"line":47,"column":69},"end":{"line":47,"column":76}}]}},"s":{"0":3,"1":34,"2":34,"3":34,"4":34,"5":34,"6":34,"7":34,"8":34,"9":34,"10":34,"11":34,"12":34,"13":34,"14":34,"15":34},"f":{"0":34,"1":34,"2":34,"3":34,"4":34,"5":34,"6":34,"7":34,"8":34,"9":34,"10":34,"11":34,"12":34,"13":34,"14":34},"b":{"0":[34,31],"1":[34,7],"2":[34,34],"3":[34,34],"4":[34,34],"5":[34,28],"6":[34,34],"7":[34,4],"8":[34,34],"9":[34,34],"10":[34,34],"11":[34,34],"12":[34,34],"13":[34,34],"14":[34,28,4]}}
,"C:/Users/oscar/OneDrive/Escritorio/BOOTCAMP/PROYECTO PERSONALES/portafolio/src/data/HomeData.tsx": {"path":"C:/Users/oscar/OneDrive/Escritorio/BOOTCAMP/PROYECTO PERSONALES/portafolio/src/data/HomeData.tsx","statementMap":{"0":{"start":{"line":38,"column":38},"end":{"line":43,"column":null}},"1":{"start":{"line":46,"column":2},"end":{"line":46,"column":null}},"2":{"start":{"line":49,"column":2},"end":{"line":49,"column":null}},"3":{"start":{"line":57,"column":42},"end":{"line":71,"column":null}},"4":{"start":{"line":78,"column":48},"end":{"line":82,"column":null}},"5":{"start":{"line":89,"column":40},"end":{"line":98,"column":null}},"6":{"start":{"line":123,"column":46},"end":{"line":168,"column":null}}},"fnMap":{},"branchMap":{},"s":{"0":2,"1":2,"2":2,"3":2,"4":2,"5":2,"6":2},"f":{},"b":{}}
,"C:/Users/oscar/OneDrive/Escritorio/BOOTCAMP/PROYECTO PERSONALES/portafolio/src/pages/Home.tsx": {"path":"C:/Users/oscar/OneDrive/Escritorio/BOOTCAMP/PROYECTO PERSONALES/portafolio/src/pages/Home.tsx","statementMap":{"0":{"start":{"line":15,"column":19},"end":{"line":15,"column":null}},"1":{"start":{"line":15,"column":30},"end":{"line":15,"column":64}},"2":{"start":{"line":16,"column":15},"end":{"line":16,"column":null}},"3":{"start":{"line":16,"column":26},"end":{"line":16,"column":56}},"4":{"start":{"line":17,"column":20},"end":{"line":17,"column":null}},"5":{"start":{"line":17,"column":31},"end":{"line":17,"column":66}},"6":{"start":{"line":18,"column":17},"end":{"line":18,"column":null}},"7":{"start":{"line":18,"column":28},"end":{"line":18,"column":60}},"8":{"start":{"line":19,"column":16},"end":{"line":19,"column":null}},"9":{"start":{"line":19,"column":27},"end":{"line":19,"column":58}},"10":{"start":{"line":21,"column":13},"end":{"line":69,"column":null}},"11":{"start":{"line":22,"column":2},"end":{"line":67,"column":null}},"12":{"start":{"line":73,"column":19},"end":{"line":73,"column":null}},"13":{"start":{"line":83,"column":17},"end":{"line":83,"column":null}},"14":{"start":{"line":94,"column":23},"end":{"line":94,"column":null}}},"fnMap":{"0":{"name":"(anonymous_0)","decl":{"start":{"line":15,"column":24},"end":{"line":15,"column":30}},"loc":{"start":{"line":15,"column":30},"end":{"line":15,"column":64}}},"1":{"name":"(anonymous_1)","decl":{"start":{"line":16,"column":20},"end":{"line":16,"column":26}},"loc":{"start":{"line":16,"column":26},"end":{"line":16,"column":56}}},"2":{"name":"(anonymous_2)","decl":{"start":{"line":17,"column":25},"end":{"line":17,"column":31}},"loc":{"start":{"line":17,"column":31},"end":{"line":17,"column":66}}},"3":{"name":"(anonymous_3)","decl":{"start":{"line":18,"column":22},"end":{"line":18,"column":28}},"loc":{"start":{"line":18,"column":28},"end":{"line":18,"column":60}}},"4":{"name":"(anonymous_4)","decl":{"start":{"line":19,"column":21},"end":{"line":19,"column":27}},"loc":{"start":{"line":19,"column":27},"end":{"line":19,"column":58}}},"5":{"name":"(anonymous_5)","decl":{"start":{"line":21,"column":13},"end":{"line":21,"column":19}},"loc":{"start":{"line":21,"column":19},"end":{"line":69,"column":null}}}},"branchMap":{},"s":{"0":0,"1":0,"2":0,"3":0,"4":0,"5":0,"6":0,"7":0,"8":0,"9":0,"10":0,"11":0,"12":0,"13":0,"14":0},"f":{"0":0,"1":0,"2":0,"3":0,"4":0,"5":0},"b":{}}
}
